{"level":"info","message":{"duration":"1449ms","empresa":"12345678000190","ip":"::1","method":"POST","status":400,"url":"/api/nfse/emitir"},"timestamp":"2025-11-05T02:51:30.746Z"}
{"level":"info","message":{"duration":"1386ms","empresa":"12345678000190","ip":"::1","method":"POST","status":400,"url":"/api/nfse/emitir"},"timestamp":"2025-11-05T11:45:24.833Z"}
{"empresa":"01800344000148","ip":"::1","level":"error","message":"CNPJ do prestador no XML (12345678000190) não corresponde ao CNPJ autenticado (01800344000148)","method":"POST","stack":"Error: CNPJ do prestador no XML (12345678000190) não corresponde ao CNPJ autenticado (01800344000148)\n    at XMLService.processarXML (C:\\Users\\Jeferson\\Desktop\\Assinador Nota Nacional API\\src\\services\\xmlService.js:233:19)\n    at process.processTicksAndRejections (node:internal/process/task_queues:105:5)\n    at async C:\\Users\\Jeferson\\Desktop\\Assinador Nota Nacional API\\src\\routes\\nfse.routes.js:47:31","timestamp":"2025-11-05T11:57:13.107Z","url":"/api/nfse/emitir"}
{"empresa":"01800344000148","ip":"::1","level":"error","message":"CNPJ do prestador no XML (12345678000190) não corresponde ao CNPJ autenticado (01800344000148)","method":"POST","stack":"Error: CNPJ do prestador no XML (12345678000190) não corresponde ao CNPJ autenticado (01800344000148)\n    at XMLService.processarXML (C:\\Users\\Jeferson\\Desktop\\Assinador Nota Nacional API\\src\\services\\xmlService.js:233:19)\n    at process.processTicksAndRejections (node:internal/process/task_queues:105:5)\n    at async C:\\Users\\Jeferson\\Desktop\\Assinador Nota Nacional API\\src\\routes\\nfse.routes.js:47:31","timestamp":"2025-11-05T11:57:13.107Z","url":"/api/nfse/emitir"}
{"level":"info","message":{"duration":"124ms","empresa":"01800344000148","ip":"::1","method":"POST","status":400,"url":"/api/nfse/emitir"},"timestamp":"2025-11-05T11:57:13.109Z"}
{"empresa":"01800344000148","ip":"::1","level":"error","message":"CNPJ do prestador no XML (12345678000190) não corresponde ao CNPJ autenticado (01800344000148)","method":"POST","stack":"Error: CNPJ do prestador no XML (12345678000190) não corresponde ao CNPJ autenticado (01800344000148)\n    at XMLService.processarXML (C:\\Users\\Jeferson\\Desktop\\Assinador Nota Nacional API\\src\\services\\xmlService.js:233:19)\n    at process.processTicksAndRejections (node:internal/process/task_queues:105:5)\n    at async C:\\Users\\Jeferson\\Desktop\\Assinador Nota Nacional API\\src\\routes\\nfse.routes.js:149:31","timestamp":"2025-11-05T11:57:51.381Z","url":"/api/nfse/validar"}
{"empresa":"01800344000148","ip":"::1","level":"error","message":"CNPJ do prestador no XML (12345678000190) não corresponde ao CNPJ autenticado (01800344000148)","method":"POST","stack":"Error: CNPJ do prestador no XML (12345678000190) não corresponde ao CNPJ autenticado (01800344000148)\n    at XMLService.processarXML (C:\\Users\\Jeferson\\Desktop\\Assinador Nota Nacional API\\src\\services\\xmlService.js:233:19)\n    at process.processTicksAndRejections (node:internal/process/task_queues:105:5)\n    at async C:\\Users\\Jeferson\\Desktop\\Assinador Nota Nacional API\\src\\routes\\nfse.routes.js:149:31","timestamp":"2025-11-05T11:57:51.381Z","url":"/api/nfse/validar"}
{"level":"info","message":{"duration":"119ms","empresa":"01800344000148","ip":"::1","method":"POST","status":400,"url":"/api/nfse/validar"},"timestamp":"2025-11-05T11:57:51.382Z"}
{"level":"info","message":{"duration":"229ms","empresa":"não autenticado","ip":"::1","method":"POST","status":404,"url":"/api/admin/gerar-apikey"},"timestamp":"2025-11-05T11:58:25.731Z"}
{"level":"info","message":{"duration":"354ms","empresa":"não autenticado","ip":"::1","method":"POST","status":200,"url":"/api/admin/gerar-apikey"},"timestamp":"2025-11-05T11:58:36.222Z"}
{"empresa":"01800344000148","ip":"::1","level":"error","message":"CNPJ do prestador no XML (12345678000190) não corresponde ao CNPJ autenticado (01800344000148)","method":"POST","stack":"Error: CNPJ do prestador no XML (12345678000190) não corresponde ao CNPJ autenticado (01800344000148)\n    at XMLService.processarXML (C:\\Users\\Jeferson\\Desktop\\Assinador Nota Nacional API\\src\\services\\xmlService.js:233:19)\n    at process.processTicksAndRejections (node:internal/process/task_queues:105:5)\n    at async C:\\Users\\Jeferson\\Desktop\\Assinador Nota Nacional API\\src\\routes\\nfse.routes.js:47:31","timestamp":"2025-11-05T11:58:54.257Z","url":"/api/nfse/emitir"}
{"empresa":"01800344000148","ip":"::1","level":"error","message":"CNPJ do prestador no XML (12345678000190) não corresponde ao CNPJ autenticado (01800344000148)","method":"POST","stack":"Error: CNPJ do prestador no XML (12345678000190) não corresponde ao CNPJ autenticado (01800344000148)\n    at XMLService.processarXML (C:\\Users\\Jeferson\\Desktop\\Assinador Nota Nacional API\\src\\services\\xmlService.js:233:19)\n    at process.processTicksAndRejections (node:internal/process/task_queues:105:5)\n    at async C:\\Users\\Jeferson\\Desktop\\Assinador Nota Nacional API\\src\\routes\\nfse.routes.js:47:31","timestamp":"2025-11-05T11:58:54.257Z","url":"/api/nfse/emitir"}
{"level":"info","message":{"duration":"119ms","empresa":"01800344000148","ip":"::1","method":"POST","status":400,"url":"/api/nfse/emitir"},"timestamp":"2025-11-05T11:58:54.259Z"}
{"level":"info","message":{"duration":"227ms","empresa":"não autenticado","ip":"::1","method":"GET","status":404,"url":"/api/admin/consultar-apikey/12345678000190?senha_admin=SuaSenhaAdminSegura123!"},"timestamp":"2025-11-05T11:59:31.175Z"}
{"level":"info","message":{"duration":"116ms","empresa":"não autenticado","ip":"::1","method":"GET","status":404,"url":"/api/admin/consultar-apikey/12345678000190?senha_admin=SuaSenhaAdminSegura123!"},"timestamp":"2025-11-05T11:59:39.635Z"}
{"level":"info","message":{"duration":"226ms","empresa":"não autenticado","ip":"::1","method":"POST","status":404,"url":"/api/admin/ativar-empresa"},"timestamp":"2025-11-05T11:59:43.668Z"}
{"level":"info","message":{"duration":"117ms","empresa":"não autenticado","ip":"::1","method":"POST","status":200,"url":"/api/admin/ativar-empresa"},"timestamp":"2025-11-05T11:59:51.093Z"}
{"level":"info","message":{"duration":"114ms","empresa":"não autenticado","ip":"::1","method":"GET","status":200,"url":"/api/admin/consultar-apikey/01800344000148?senha_admin=SuaSenhaAdminSegura123!"},"timestamp":"2025-11-05T12:00:00.972Z"}
{"level":"info","message":{"duration":"118ms","empresa":"não autenticado","ip":"::1","method":"POST","status":404,"url":"/api/admin/ativar-empresa"},"timestamp":"2025-11-05T12:00:14.482Z"}
{"level":"info","message":{"duration":"127ms","empresa":"não autenticado","ip":"::1","method":"POST","status":200,"url":"/api/admin/ativar-empresa"},"timestamp":"2025-11-05T12:00:18.837Z"}
{"level":"info","message":{"duration":"118ms","empresa":"não autenticado","ip":"::1","method":"POST","status":200,"url":"/api/admin/ativar-empresa"},"timestamp":"2025-11-05T12:00:21.144Z"}
{"level":"info","message":{"duration":"113ms","empresa":"não autenticado","ip":"::1","method":"GET","status":200,"url":"/api/admin/consultar-apikey/01800344000148?senha_admin=SuaSenhaAdminSegura123!"},"timestamp":"2025-11-05T12:00:27.251Z"}
{"level":"info","message":{"duration":"114ms","empresa":"não autenticado","ip":"::1","method":"GET","status":200,"url":"/api/admin/consultar-apikey/01800344000148?senha_admin=SuaSenhaAdminSegura123!"},"timestamp":"2025-11-05T12:00:29.963Z"}
{"level":"info","message":{"duration":"117ms","empresa":"não autenticado","ip":"::1","method":"POST","status":200,"url":"/api/admin/ativar-empresa"},"timestamp":"2025-11-05T12:00:32.878Z"}
{"level":"info","message":{"duration":"118ms","empresa":"não autenticado","ip":"::1","method":"GET","status":200,"url":"/api/admin/consultar-apikey/01800344000148?senha_admin=SuaSenhaAdminSegura123!"},"timestamp":"2025-11-05T12:00:35.793Z"}
{"level":"info","message":{"duration":"114ms","empresa":"não autenticado","ip":"::1","method":"GET","status":200,"url":"/api/admin/consultar-apikey/01800344000148?senha_admin=SuaSenhaAdminSegura123!"},"timestamp":"2025-11-05T12:00:37.364Z"}
{"level":"info","message":{"duration":"118ms","empresa":"não autenticado","ip":"::1","method":"POST","status":200,"url":"/api/admin/ativar-empresa"},"timestamp":"2025-11-05T12:00:46.809Z"}
{"level":"info","message":{"duration":"144ms","empresa":"não autenticado","ip":"::1","method":"GET","status":200,"url":"/api/admin/consultar-apikey/01800344000148?senha_admin=SuaSenhaAdminSegura123!"},"timestamp":"2025-11-05T12:00:50.174Z"}
{"level":"info","message":{"duration":"655ms","empresa":"01800344000148","ip":"::1","method":"POST","status":400,"url":"/api/nfse/emitir"},"timestamp":"2025-11-05T12:20:06.766Z"}
{"level":"info","message":{"duration":"637ms","empresa":"01800344000148","ip":"::1","method":"POST","status":400,"url":"/api/nfse/emitir"},"timestamp":"2025-11-05T12:23:04.090Z"}
{"level":"info","message":{"duration":"689ms","empresa":"01800344000148","ip":"::1","method":"POST","status":400,"url":"/api/nfse/emitir"},"timestamp":"2025-11-05T12:27:41.791Z"}
{"level":"info","message":{"duration":"648ms","empresa":"01800344000148","ip":"::1","method":"POST","status":400,"url":"/api/nfse/emitir"},"timestamp":"2025-11-05T12:27:50.183Z"}
{"level":"info","message":{"duration":"659ms","empresa":"01800344000148","ip":"::1","method":"POST","status":400,"url":"/api/nfse/emitir"},"timestamp":"2025-11-05T12:29:37.642Z"}
{"level":"info","message":{"duration":"235ms","empresa":"não autenticado","ip":"::1","method":"GET","status":200,"url":"/api/admin/listar-empresas?senha_admin=SuaSenhaAdminSegura123!"},"timestamp":"2025-11-05T12:30:40.447Z"}
{"empresa":"01800344000148","ip":"::1","level":"error","message":"Erro de validação: [{\"codigo\":\"E0202\",\"mensagem\":\"CNPJ do prestador e tomador não podem ser iguais\",\"campo\":\"cnpjPrestador/cnpjTomador\"}]","method":"POST","stack":"Error: Erro de validação: [{\"codigo\":\"E0202\",\"mensagem\":\"CNPJ do prestador e tomador não podem ser iguais\",\"campo\":\"cnpjPrestador/cnpjTomador\"}]\n    at XMLService.processarXML (C:\\Users\\Jeferson\\Desktop\\Assinador Nota Nacional API\\src\\services\\xmlService.js:243:19)\n    at process.processTicksAndRejections (node:internal/process/task_queues:105:5)\n    at async C:\\Users\\Jeferson\\Desktop\\Assinador Nota Nacional API\\src\\routes\\nfse.routes.js:47:31","timestamp":"2025-11-05T12:31:31.038Z","url":"/api/nfse/emitir"}
{"empresa":"01800344000148","ip":"::1","level":"error","message":"Erro de validação: [{\"codigo\":\"E0202\",\"mensagem\":\"CNPJ do prestador e tomador não podem ser iguais\",\"campo\":\"cnpjPrestador/cnpjTomador\"}]","method":"POST","stack":"Error: Erro de validação: [{\"codigo\":\"E0202\",\"mensagem\":\"CNPJ do prestador e tomador não podem ser iguais\",\"campo\":\"cnpjPrestador/cnpjTomador\"}]\n    at XMLService.processarXML (C:\\Users\\Jeferson\\Desktop\\Assinador Nota Nacional API\\src\\services\\xmlService.js:243:19)\n    at process.processTicksAndRejections (node:internal/process/task_queues:105:5)\n    at async C:\\Users\\Jeferson\\Desktop\\Assinador Nota Nacional API\\src\\routes\\nfse.routes.js:47:31","timestamp":"2025-11-05T12:31:31.038Z","url":"/api/nfse/emitir"}
{"level":"info","message":{"duration":"119ms","empresa":"01800344000148","ip":"::1","method":"POST","status":500,"url":"/api/nfse/emitir"},"timestamp":"2025-11-05T12:31:31.039Z"}
{"level":"info","message":{"duration":"622ms","empresa":"01800344000148","ip":"::1","method":"POST","status":400,"url":"/api/nfse/emitir"},"timestamp":"2025-11-05T12:33:15.549Z"}
{"level":"info","message":{"duration":"652ms","empresa":"01800344000148","ip":"::1","method":"POST","status":400,"url":"/api/nfse/emitir"},"timestamp":"2025-11-05T12:38:28.762Z"}
{"empresa":"01800344000148","ip":"::1","level":"error","message":"CNPJ do prestador no XML (12345678000190) não corresponde ao CNPJ autenticado (01800344000148)","method":"POST","stack":"Error: CNPJ do prestador no XML (12345678000190) não corresponde ao CNPJ autenticado (01800344000148)\n    at XMLService.processarXML (C:\\Users\\Jeferson\\Desktop\\Assinador Nota Nacional API\\src\\services\\xmlService.js:233:19)\n    at process.processTicksAndRejections (node:internal/process/task_queues:105:5)\n    at async C:\\Users\\Jeferson\\Desktop\\Assinador Nota Nacional API\\src\\routes\\nfse.routes.js:149:31","timestamp":"2025-11-05T12:47:24.182Z","url":"/api/nfse/validar"}
{"empresa":"01800344000148","ip":"::1","level":"error","message":"CNPJ do prestador no XML (12345678000190) não corresponde ao CNPJ autenticado (01800344000148)","method":"POST","stack":"Error: CNPJ do prestador no XML (12345678000190) não corresponde ao CNPJ autenticado (01800344000148)\n    at XMLService.processarXML (C:\\Users\\Jeferson\\Desktop\\Assinador Nota Nacional API\\src\\services\\xmlService.js:233:19)\n    at process.processTicksAndRejections (node:internal/process/task_queues:105:5)\n    at async C:\\Users\\Jeferson\\Desktop\\Assinador Nota Nacional API\\src\\routes\\nfse.routes.js:149:31","timestamp":"2025-11-05T12:47:24.182Z","url":"/api/nfse/validar"}
{"level":"info","message":{"duration":"121ms","empresa":"01800344000148","ip":"::1","method":"POST","status":400,"url":"/api/nfse/validar"},"timestamp":"2025-11-05T12:47:24.184Z"}
{"level":"info","message":{"duration":"266ms","empresa":"01800344000148","ip":"::1","method":"POST","status":200,"url":"/api/nfse/validar"},"timestamp":"2025-11-05T12:47:41.523Z"}
{"level":"info","message":{"duration":"637ms","empresa":"01800344000148","ip":"::1","method":"POST","status":400,"url":"/api/nfse/emitir"},"timestamp":"2025-11-05T12:48:21.599Z"}
{"level":"info","message":{"duration":"641ms","empresa":"01800344000148","ip":"::1","method":"POST","status":400,"url":"/api/nfse/emitir"},"timestamp":"2025-11-05T12:54:29.547Z"}
{"level":"info","message":{"duration":"640ms","empresa":"01800344000148","ip":"::1","method":"POST","status":400,"url":"/api/nfse/emitir"},"timestamp":"2025-11-05T12:56:20.646Z"}
{"level":"info","message":{"duration":"711ms","empresa":"01800344000148","ip":"::1","method":"POST","status":400,"url":"/api/nfse/emitir"},"timestamp":"2025-11-05T12:56:53.872Z"}
{"level":"info","message":{"duration":"721ms","empresa":"01800344000148","ip":"::1","method":"POST","status":400,"url":"/api/nfse/emitir"},"timestamp":"2025-11-05T12:59:19.056Z"}
{"level":"info","message":{"duration":"1021ms","empresa":"01800344000148","ip":"::1","method":"POST","status":200,"url":"/api/nfse/emitir"},"timestamp":"2025-11-05T13:00:33.197Z"}
{"level":"info","message":{"duration":"120ms","empresa":"não autenticado","ip":"::1","method":"POST","status":401,"url":"/api/nfse/emitir"},"timestamp":"2025-11-05T13:01:51.946Z"}
{"level":"info","message":{"duration":"702ms","empresa":"01800344000148","ip":"::1","method":"POST","status":400,"url":"/api/nfse/emitir"},"timestamp":"2025-11-05T13:02:05.129Z"}
{"level":"info","message":{"duration":"125ms","empresa":"não autenticado","ip":"::1","method":"POST","status":200,"url":"/api/admin/ativar-empresa"},"timestamp":"2025-11-05T14:40:37.069Z"}
{"level":"info","message":{"duration":"117ms","empresa":"não autenticado","ip":"::1","method":"POST","status":200,"url":"/api/admin/ativar-empresa"},"timestamp":"2025-11-05T14:43:01.985Z"}
{"level":"info","message":{"duration":"124ms","empresa":"não autenticado","ip":"::1","method":"GET","status":200,"url":"/api/admin/listar-empresas?senha_admin=SuaSenhaAdminSegura123!"},"timestamp":"2025-11-05T15:20:37.701Z"}
{"level":"info","message":{"duration":"21ms","empresa":"não autenticado","ip":"::1","method":"GET","status":200,"url":"/api/health"},"timestamp":"2025-11-05T16:49:51.001Z"}
{"level":"info","message":{"duration":"3ms","empresa":"não autenticado","ip":"::1","method":"GET","status":404,"url":"/favicon.ico"},"timestamp":"2025-11-05T16:49:51.348Z"}
{"level":"info","message":{"duration":"13ms","empresa":"não autenticado","ip":"::1","method":"GET","status":200,"url":"/api/health"},"timestamp":"2025-11-06T15:11:36.022Z"}
{"level":"info","message":{"duration":"1675ms","empresa":"01800344000148","ip":"::1","method":"POST","status":400,"url":"/api/nfse/emitir"},"timestamp":"2025-11-06T15:20:58.179Z"}
{"level":"info","message":{"duration":"255ms","empresa":"não autenticado","ip":"::1","method":"POST","status":200,"url":"/api/admin/ativar-empresa"},"timestamp":"2025-11-06T15:21:15.932Z"}
{"level":"info","message":{"duration":"130ms","empresa":"não autenticado","ip":"::1","method":"POST","status":401,"url":"/api/nfse/emitir"},"timestamp":"2025-11-06T15:21:21.750Z"}
{"level":"info","message":{"duration":"136ms","empresa":"não autenticado","ip":"::1","method":"POST","status":200,"url":"/api/admin/ativar-empresa"},"timestamp":"2025-11-06T15:23:18.751Z"}
{"level":"info","message":{"duration":"914ms","empresa":"01800344000148","ip":"::1","method":"POST","status":400,"url":"/api/nfse/emitir"},"timestamp":"2025-11-06T15:23:22.237Z"}
{"level":"info","message":{"duration":"641ms","empresa":"não autenticado","ip":"::1","method":"POST","status":201,"url":"/api/admin/cadastrar-empresa"},"timestamp":"2025-11-14T17:30:55.929Z"}
{"level":"info","message":{"duration":"236ms","empresa":"não autenticado","ip":"::1","method":"GET","status":200,"url":"/api/admin/listar-empresas?senha_admin=SuaSenhaAdminSegura123!"},"timestamp":"2025-11-14T17:31:20.945Z"}
{"level":"info","message":{"duration":"263ms","empresa":"01800344000148","ip":"::1","method":"GET","status":400,"url":"/api/nfse/parametros-convenio/:codigoMunicipio"},"timestamp":"2025-11-14T17:49:15.386Z"}
{"level":"info","message":{"duration":"649ms","empresa":"01800344000148","ip":"::1","method":"GET","status":200,"url":"/api/nfse/parametros-convenio/3304557"},"timestamp":"2025-11-14T17:49:19.697Z"}
{"level":"info","message":{"duration":"16ms","empresa":"não autenticado","ip":"::1","method":"GET","status":200,"url":"/api/health"},"timestamp":"2025-11-14T18:20:31.549Z"}
{"level":"info","message":{"duration":"758ms","empresa":"01800344000148","ip":"::1","method":"GET","status":200,"url":"/api/nfse/parametros-convenio/3304557"},"timestamp":"2025-11-14T18:20:36.050Z"}
{"level":"info","message":{"duration":"949ms","empresa":"01800344000148","ip":"::1","method":"POST","status":400,"url":"/api/nfse/emitir"},"timestamp":"2025-11-14T18:20:47.651Z"}
