{"level":"info","message":{"duration":"53ms","empresa":"não autenticado","ip":"::1","method":"GET","status":200,"url":"/api/docs"},"timestamp":"2025-11-05T01:31:25.818Z"}
{"level":"info","message":{"duration":"2ms","empresa":"não autenticado","ip":"::1","method":"GET","status":200,"url":"/api/health"},"timestamp":"2025-11-05T01:31:40.888Z"}
{"level":"info","message":{"duration":"2ms","empresa":"não autenticado","ip":"::1","method":"GET","status":200,"url":"/api/docs"},"timestamp":"2025-11-05T01:31:46.309Z"}
{"level":"info","message":{"duration":"233ms","empresa":"não autenticado","ip":"::1","method":"GET","status":401,"url":"/api/nfse/status"},"timestamp":"2025-11-05T01:31:51.501Z"}
{"level":"info","message":{"duration":"113ms","empresa":"não autenticado","ip":"::1","method":"POST","status":401,"url":"/api/nfse/emitir"},"timestamp":"2025-11-05T01:32:52.706Z"}
{"level":"info","message":{"duration":"10ms","empresa":"não autenticado","ip":"::1","method":"POST","status":401,"url":"/api/admin/gerar-apikey"},"timestamp":"2025-11-05T01:59:34.764Z"}
{"level":"info","message":{"duration":"234ms","empresa":"não autenticado","ip":"::1","method":"POST","status":404,"url":"/api/admin/gerar-apikey"},"timestamp":"2025-11-05T01:59:54.322Z"}
{"level":"info","message":{"duration":"230ms","empresa":"não autenticado","ip":"::1","method":"GET","status":404,"url":"/api/admin/consultar-apikey/12345678000190?senha_admin=SuaSenhaAdminSegura123!"},"timestamp":"2025-11-05T02:00:03.825Z"}
{"level":"info","message":{"duration":"228ms","empresa":"não autenticado","ip":"::1","method":"POST","status":404,"url":"/api/admin/ativar-empresa"},"timestamp":"2025-11-05T02:01:04.116Z"}
{"level":"info","message":{"duration":"2ms","empresa":"não autenticado","ip":"::1","method":"POST","status":404,"url":"/api/admin/cadastrar-empresa"},"timestamp":"2025-11-05T02:32:36.793Z"}
{"level":"info","message":{"duration":"16ms","empresa":"não autenticado","ip":"::1","method":"POST","status":401,"url":"/api/admin/cadastrar-empresa"},"timestamp":"2025-11-05T02:33:50.512Z"}
{"level":"info","message":{"duration":"261ms","empresa":"não autenticado","ip":"::1","method":"POST","status":400,"url":"/api/admin/cadastrar-empresa"},"timestamp":"2025-11-05T02:34:17.212Z"}
{"empresa":"não autenticado","ip":"::1","level":"error","message":"ENCRYPTION_KEY deve ter 64 caracteres","method":"POST","stack":"Error: ENCRYPTION_KEY deve ter 64 caracteres\n    at encryptSenha (C:\\Users\\Jeferson\\Desktop\\Assinador Nota Nacional API\\src\\routes\\admin.routes.js:41:15)\n    at C:\\Users\\Jeferson\\Desktop\\Assinador Nota Nacional API\\src\\routes\\admin.routes.js:203:32\n    at process.processTicksAndRejections (node:internal/process/task_queues:105:5)","timestamp":"2025-11-05T02:34:34.076Z","url":"/api/admin/cadastrar-empresa"}
{"level":"info","message":{"duration":"219ms","empresa":"não autenticado","ip":"::1","method":"POST","status":500,"url":"/api/admin/cadastrar-empresa"},"timestamp":"2025-11-05T02:34:34.079Z"}
{"level":"info","message":{"duration":"582ms","empresa":"não autenticado","ip":"::1","method":"POST","status":201,"url":"/api/admin/cadastrar-empresa"},"timestamp":"2025-11-05T02:35:27.906Z"}
{"level":"info","message":{"duration":"119ms","empresa":"não autenticado","ip":"::1","method":"POST","status":400,"url":"/api/admin/cadastrar-empresa"},"timestamp":"2025-11-05T02:35:50.203Z"}
{"level":"info","message":{"duration":"464ms","empresa":"não autenticado","ip":"::1","method":"POST","status":200,"url":"/api/admin/gerar-apikey"},"timestamp":"2025-11-05T02:36:05.071Z"}
{"level":"info","message":{"duration":"231ms","empresa":"não autenticado","ip":"::1","method":"GET","status":200,"url":"/api/admin/listar-empresas?senha_admin=SuaSenhaAdminSegura123!"},"timestamp":"2025-11-05T02:36:19.795Z"}
{"level":"info","message":{"duration":"231ms","empresa":"não autenticado","ip":"::1","method":"GET","status":200,"url":"/api/admin/consultar-apikey/12345678000190?senha_admin=SuaSenhaAdminSegura123!"},"timestamp":"2025-11-05T02:36:28.912Z"}
{"level":"info","message":{"duration":"230ms","empresa":"não autenticado","ip":"::1","method":"POST","status":200,"url":"/api/admin/ativar-empresa"},"timestamp":"2025-11-05T02:36:39.431Z"}
{"level":"info","message":{"duration":"125ms","empresa":"não autenticado","ip":"::1","method":"POST","status":200,"url":"/api/admin/ativar-empresa"},"timestamp":"2025-11-05T02:36:43.036Z"}
{"level":"info","message":{"duration":"125ms","empresa":"não autenticado","ip":"::1","method":"POST","status":200,"url":"/api/admin/ativar-empresa"},"timestamp":"2025-11-05T02:36:47.306Z"}
{"level":"info","message":{"duration":"230ms","empresa":"não autenticado","ip":"::1","method":"POST","status":401,"url":"/api/nfse/validar"},"timestamp":"2025-11-05T02:37:03.407Z"}
{"level":"info","message":{"duration":"448ms","empresa":"12345678000190","ip":"::1","method":"POST","status":200,"url":"/api/nfse/validar"},"timestamp":"2025-11-05T02:37:18.633Z"}
{"level":"info","message":{"duration":"663ms","empresa":"12345678000190","ip":"::1","method":"POST","status":400,"url":"/api/nfse/emitir"},"timestamp":"2025-11-05T02:37:49.762Z"}
{"level":"info","message":{"duration":"547ms","empresa":"12345678000190","ip":"::1","method":"POST","status":400,"url":"/api/nfse/emitir"},"timestamp":"2025-11-05T02:38:40.753Z"}
{"level":"info","message":{"duration":"3ms","empresa":"não autenticado","ip":"::1","method":"GET","status":200,"url":"/api/health"},"timestamp":"2025-11-05T02:40:23.673Z"}
{"level":"info","message":{"duration":"3ms","empresa":"não autenticado","ip":"::1","method":"GET","status":200,"url":"/api/docs"},"timestamp":"2025-11-05T02:40:32.175Z"}
{"level":"info","message":{"duration":"348ms","empresa":"12345678000190","ip":"::1","method":"GET","status":200,"url":"/api/nfse/status"},"timestamp":"2025-11-05T02:40:37.510Z"}
{"level":"info","message":{"duration":"119ms","empresa":"não autenticado","ip":"::1","method":"POST","status":200,"url":"/api/admin/ativar-empresa"},"timestamp":"2025-11-05T02:40:55.893Z"}
{"level":"info","message":{"duration":"117ms","empresa":"não autenticado","ip":"::1","method":"GET","status":401,"url":"/api/nfse/status"},"timestamp":"2025-11-05T02:40:58.242Z"}
{"level":"info","message":{"duration":"122ms","empresa":"não autenticado","ip":"::1","method":"POST","status":200,"url":"/api/admin/ativar-empresa"},"timestamp":"2025-11-05T02:41:04.320Z"}
{"level":"info","message":{"duration":"232ms","empresa":"12345678000190","ip":"::1","method":"GET","status":200,"url":"/api/nfse/status"},"timestamp":"2025-11-05T02:41:06.845Z"}
{"level":"info","message":{"duration":"594ms","empresa":"12345678000190","ip":"::1","method":"GET","status":200,"url":"/api/nfse/listar?pagina=1&limite=20"},"timestamp":"2025-11-05T02:41:23.628Z"}
{"level":"info","message":{"duration":"349ms","empresa":"12345678000190","ip":"::1","method":"GET","status":200,"url":"/api/nfse/consultar/DPS355030821234567800019000010000000000001"},"timestamp":"2025-11-05T02:41:33.592Z"}
{"level":"info","message":{"duration":"2ms","empresa":"não autenticado","ip":"::1","method":"GET","status":401,"url":"/api/nfse/status"},"timestamp":"2025-11-05T02:41:40.274Z"}
{"level":"info","message":{"duration":"117ms","empresa":"não autenticado","ip":"::1","method":"GET","status":401,"url":"/api/nfse/status"},"timestamp":"2025-11-05T02:41:50.253Z"}
{"level":"info","message":{"duration":"232ms","empresa":"12345678000190","ip":"::1","method":"GET","status":200,"url":"/api/nfse/status"},"timestamp":"2025-11-05T02:42:01.485Z"}
{"level":"info","message":{"duration":"302ms","empresa":"12345678000190","ip":"::1","method":"POST","status":200,"url":"/api/nfse/validar"},"timestamp":"2025-11-05T02:50:21.150Z"}
{"level":"info","message":{"duration":"563ms","empresa":"12345678000190","ip":"::1","method":"POST","status":400,"url":"/api/nfse/emitir"},"timestamp":"2025-11-05T02:50:25.790Z"}
